根据日志文件分析，以下是所有缺失的资源和它们被引用的节点：
缺失资源分析
1. 预制体相关的缺失资源
label_content 预制体 (fb811bd7-bee2-4f87-aedd-14c2b3d8eb00)
缺失资源: 85930d76-0ea4-4737-828c-93a2d7f9382e@f9941
节点路径: label_content
属性: _spriteFrame
make_share 预制体 (3a89b45d-5ce3-49a9-8120-42385c93d3cd)
缺失资源:
e8179320-d661-4311-9836-b9ebae451514@f9941 - 节点: make_share/New Sprite/New Sprite(Splash) 属性: _spriteFrame
f0b8c1e4-18b6-4950-a394-e39f88bd06cf@f9941 - 节点: make_share/New Sprite 属性: _spriteFrame
350d7527-b1db-4a39-a1f4-f823af28740a@f9941 - 节点: make_share/text_tip_plaint/ddz_yindao_shou-001 属性: _spriteFrame
350d7527-b1db-4a39-a1f4-f823af28740a@f9941 - 节点: make_share/text_tip_whisper/ddz_yindao_shou-001 属性: _spriteFrame
show_share 预制体 (65bc81b8-15bd-476a-9f7b-06bf02427781)
缺失资源:
aa951c10-0b13-4151-8070-a4bd86afddc8@f9941 - 节点: show_share/share_btn 属性: _spriteFrame
85930d76-0ea4-4737-828c-93a2d7f9382e@f9941 - 节点: show_share/sl_content 属性: _spriteFrame
c961ae58-23bc-46fb-afeb-e0ed8d73c719@f9941 - 节点: show_share/back_home_btn 属性: _spriteFrame
3d4bf930-98f4-4002-88da-6d5d645c2883@f9941 - 节点: show_share/New Sprite 属性: _spriteFrame
41202ca6-6e36-4753-ae35-77ff8ada79ef@f9941 - 节点: show_share/reset_editing_btn 属性: _spriteFrame
0d9f97bc-d8f8-4a6b-a025-faf3635b9c3b@f9941 - 节点: show_share/New Sprite 属性: _spriteFrame
win_single 预制体 (d76dbe6a-2c99-4310-9035-5dd7ebaedced) ⭐
缺失资源:
41202ca6-6e36-4753-ae35-77ff8ada79ef@f9941 - 节点: win_single/sShareBtn 属性: _spriteFrame
e513f943-660b-4de9-9231-b354055cb375@f9941 - 节点: win_single/win_whisper_image 属性: _spriteFrame
a24126c4-eebd-4364-9b3d-0a1670a9c2c2@f9941 - 节点: win_single/sShareBtn/New Sprite 属性: _spriteFrame
aa951c10-0b13-4151-8070-a4bd86afddc8@f9941 - 节点: win_single/sSaveBtn 属性: _spriteFrame
2. 游戏场景中的缺失资源
主场景 game.scene (e637d355-c245-4168-a0b1-7ea747f8743b)
缺失资源: 34b93801-63ca-447f-8810-d6b33e072fb6 属性: asset
主页相关节点
Canvas/homepage/show_share/:
share_btn: aa951c10-0b13-4151-8070-a4bd86afddc8@f9941 (spriteFrame, _normalSprite)
back_home_btn: c961ae58-23bc-46fb-afeb-e0ed8d73c719@f9941 (spriteFrame, _normalSprite)
reset_editing_btn: 41202ca6-6e36-4753-ae35-77ff8ada79ef@f9941 (normalSprite)
New Sprite: 3d4bf930-98f4-4002-88da-6d5d645c2883@f9941, 0d9f97bc-d8f8-4a6b-a025-faf3635b9c3b@f9941 (spriteFrame)
sl_content: 85930d76-0ea4-4737-828c-93a2d7f9382e@f9941 (spriteFrame)
sl_content/New Sprite: 07b53220-3763-443d-9da9-7960a3c34c8c@f9941 (spriteFrame)
单机游戏模式相关节点
Canvas/game_single_mode/:
sl_bg/New Sprite: 3583deb6-f834-4019-9331-68371f57ca17@f9941, 53bcc257-0335-49f2-9a69-abc6b6ef5697@f9941 (spriteFrame)
sl_bg/sl_content: 85930d76-0ea4-4737-828c-93a2d7f9382e@f9941 (spriteFrame)
sl_bg/sl_content/New Sprite: 07b53220-3763-443d-9da9-7960a3c34c8c@f9941 (spriteFrame)
game_mask/mask_btn: aa951c10-0b13-4151-8070-a4bd86afddc8@f9941 (normalSprite)
资源缺失统计
高频缺失的资源ID:
aa951c10-0b13-4151-8070-a4bd86afddc8@f9941 - 被6个节点引用（主要是按钮）
85930d76-0ea4-4737-828c-93a2d7f9382e@f9941 - 被4个节点引用（主要是内容背景）
41202ca6-6e36-4753-ae35-77ff8ada79ef@f9941 - 被4个节点引用（主要是按钮）
c961ae58-23bc-46fb-afeb-e0ed8d73c719@f9941 - 被3个节点引用（主要是返回按钮）
07b53220-3763-443d-9da9-7960a3c34c8c@f9941 - 被2个节点引用
350d7527-b1db-4a39-a1f4-f823af28740a@f9941 - 被2个节点引用
建议的处理方案
优先处理高频缺失资源 - 特别是 aa951c10-0b13-4151-8070-a4bd86afddc8@f9941 这个被多个按钮引用的资源
关注 win_single 预制体 - 由于这是我们刚刚修复的胜利界面，需要确保它的资源完整
检查按钮资源 - 大部分缺失的资源都与UI按钮相关，可能需要重新设置按钮的sprite frame
查看资源文件夹 - 检查 assets/image/ 目录下是否有对应的图片文件，可能需要重新导入或重新分配
这些资源缺失可能会导致UI显示异常，建议按照上述分类逐一检查和修复。


game.ts:759 Init Base: 0.12109375 ms
game.ts:812 Init Infrastructure: 19.309814453125 ms
debug.ts:66 meshopt wasm decoder initialized
debug.ts:66 [PHYSICS2D]: register box2d.
game.ts:861 Init SubSystem: 73.320068359375 ms
debug.ts:66 Cocos Creator v3.8.7
NotificationCenter.ts:10 NotificationCenter loaded
TuyooSDK.ts:13 TuyooSDK loaded
debug.ts:66 Using legacy pipeline
game.ts:905 Init Project: 48.871826171875 ms
:7456/assets/general/import/53/53bcc257-0335-49f2-9a69-abc6b6ef5697@f9941.json:1  Failed to load resource: the server responded with a status of 404 (Not Found)
:7456/assets/general/import/a2/a24126c4-eebd-4364-9b3d-0a1670a9c2c2@f9941.json:1  Failed to load resource: the server responded with a status of 404 (Not Found)
:7456/assets/general/import/e5/e513f943-660b-4de9-9231-b354055cb375@f9941.json:1  Failed to load resource: the server responded with a status of 404 (Not Found)
:7456/assets/general/import/35/3583deb6-f834-4019-9331-68371f57ca17@f9941.json:1  Failed to load resource: the server responded with a status of 404 (Not Found)
:7456/assets/general/import/0d/0d9f97bc-d8f8-4a6b-a025-faf3635b9c3b@f9941.json:1  Failed to load resource: the server responded with a status of 404 (Not Found)
:7456/assets/general/import/3d/3d4bf930-98f4-4002-88da-6d5d645c2883@f9941.json:1  Failed to load resource: the server responded with a status of 404 (Not Found)
:7456/assets/general/import/41/41202ca6-6e36-4753-ae35-77ff8ada79ef@f9941.json:1  Failed to load resource: the server responded with a status of 404 (Not Found)
:7456/assets/general/import/85/85930d76-0ea4-4737-828c-93a2d7f9382e@f9941.json:1  Failed to load resource: the server responded with a status of 404 (Not Found)
:7456/assets/general/import/07/07b53220-3763-443d-9da9-7960a3c34c8c@f9941.json:1  Failed to load resource: the server responded with a status of 404 (Not Found)
:7456/assets/general/import/c9/c961ae58-23bc-46fb-afeb-e0ed8d73c719@f9941.json:1  Failed to load resource: the server responded with a status of 404 (Not Found)
debug.ts:92 The asset 85930d76-0ea4-4737-828c-93a2d7f9382e@f9941 is missing!
error @ debug.ts:92
main.js:4 query missing asset 85930d76-0ea4-4737-828c-93a2d7f9382e@f9941 failed
main.js:5 The asset 85930d76-0ea4-4737-828c-93a2d7f9382e@f9941 used by label_content{cc.Prefab(fb811bd7-bee2-4f87-aedd-14c2b3d8eb00)} is missing! 
Node path: label_content
PropName: _spriteFrame
（匿名） @ main.js:5
:7456/assets/general/import/0d/0d9f97bc-d8f8-4a6b-a025-faf3635b9c3b@f9941.json:1  Failed to load resource: the server responded with a status of 404 (Not Found)
:7456/assets/general/import/41/41202ca6-6e36-4753-ae35-77ff8ada79ef@f9941.json:1  Failed to load resource: the server responded with a status of 404 (Not Found)
:7456/assets/general/import/85/85930d76-0ea4-4737-828c-93a2d7f9382e@f9941.json:1  Failed to load resource: the server responded with a status of 404 (Not Found)
:7456/assets/general/import/3d/3d4bf930-98f4-4002-88da-6d5d645c2883@f9941.json:1  Failed to load resource: the server responded with a status of 404 (Not Found)
:7456/assets/general/import/c9/c961ae58-23bc-46fb-afeb-e0ed8d73c719@f9941.json:1  Failed to load resource: the server responded with a status of 404 (Not Found)
:7456/assets/general/import/aa/aa951c10-0b13-4151-8070-a4bd86afddc8@f9941.json:1  Failed to load resource: the server responded with a status of 404 (Not Found)
:7456/assets/general/import/34/34b93801-63ca-447f-8810-d6b33e072fb6.json:1  Failed to load resource: the server responded with a status of 404 (Not Found)
:7456/assets/general/import/35/350d7527-b1db-4a39-a1f4-f823af28740a@f9941.json:1  Failed to load resource: the server responded with a status of 404 (Not Found)
:7456/assets/general/import/f0/f0b8c1e4-18b6-4950-a394-e39f88bd06cf@f9941.json:1  Failed to load resource: the server responded with a status of 404 (Not Found)
:7456/assets/general/import/e8/e8179320-d661-4311-9836-b9ebae451514@f9941.json:1  Failed to load resource: the server responded with a status of 404 (Not Found)
debug.ts:92 The asset e8179320-d661-4311-9836-b9ebae451514@f9941 is missing!
error @ debug.ts:92
debug.ts:92 The asset e8179320-d661-4311-9836-b9ebae451514@f9941 is missing!
error @ debug.ts:92
debug.ts:92 The asset f0b8c1e4-18b6-4950-a394-e39f88bd06cf@f9941 is missing!
error @ debug.ts:92
debug.ts:92 The asset 350d7527-b1db-4a39-a1f4-f823af28740a@f9941 is missing!
error @ debug.ts:92
debug.ts:92 The asset 350d7527-b1db-4a39-a1f4-f823af28740a@f9941 is missing!
error @ debug.ts:92
main.js:4 query missing asset e8179320-d661-4311-9836-b9ebae451514@f9941 failed
main.js:5 The asset e8179320-d661-4311-9836-b9ebae451514@f9941 used by make_share{cc.Prefab(3a89b45d-5ce3-49a9-8120-42385c93d3cd)} is missing! 
Node path: make_share/New Sprite/New Sprite(Splash)
PropName: _spriteFrame
（匿名） @ main.js:5
main.js:4 query missing asset f0b8c1e4-18b6-4950-a394-e39f88bd06cf@f9941 failed
main.js:5 The asset f0b8c1e4-18b6-4950-a394-e39f88bd06cf@f9941 used by make_share{cc.Prefab(3a89b45d-5ce3-49a9-8120-42385c93d3cd)} is missing! 
Node path: make_share/New Sprite
PropName: _spriteFrame
（匿名） @ main.js:5
main.js:4 query missing asset 350d7527-b1db-4a39-a1f4-f823af28740a@f9941 failed
main.js:5 The asset 350d7527-b1db-4a39-a1f4-f823af28740a@f9941 used by make_share{cc.Prefab(3a89b45d-5ce3-49a9-8120-42385c93d3cd)} is missing! 
Node path: make_share/text_tip_plaint/ddz_yindao_shou-001
PropName: _spriteFrame
（匿名） @ main.js:5
main.js:4 query missing asset e8179320-d661-4311-9836-b9ebae451514@f9941 failed
main.js:5 The asset e8179320-d661-4311-9836-b9ebae451514@f9941 used by make_share{cc.Prefab(3a89b45d-5ce3-49a9-8120-42385c93d3cd)} is missing! 
Node path: make_share/New Sprite/New Sprite(Splash)
PropName: _spriteFrame
（匿名） @ main.js:5
main.js:4 query missing asset 350d7527-b1db-4a39-a1f4-f823af28740a@f9941 failed
main.js:5 The asset 350d7527-b1db-4a39-a1f4-f823af28740a@f9941 used by make_share{cc.Prefab(3a89b45d-5ce3-49a9-8120-42385c93d3cd)} is missing! 
Node path: make_share/text_tip_whisper/ddz_yindao_shou-001
PropName: _spriteFrame
（匿名） @ main.js:5
debug.ts:92 The asset aa951c10-0b13-4151-8070-a4bd86afddc8@f9941 is missing!
error @ debug.ts:92
debug.ts:92 The asset c961ae58-23bc-46fb-afeb-e0ed8d73c719@f9941 is missing!
error @ debug.ts:92
debug.ts:92 The asset 3d4bf930-98f4-4002-88da-6d5d645c2883@f9941 is missing!
error @ debug.ts:92
debug.ts:92 The asset 85930d76-0ea4-4737-828c-93a2d7f9382e@f9941 is missing!
error @ debug.ts:92
debug.ts:92 The asset 41202ca6-6e36-4753-ae35-77ff8ada79ef@f9941 is missing!
error @ debug.ts:92
debug.ts:92 The asset 0d9f97bc-d8f8-4a6b-a025-faf3635b9c3b@f9941 is missing!
error @ debug.ts:92
debug.ts:92 The asset e513f943-660b-4de9-9231-b354055cb375@f9941 is missing!
error @ debug.ts:92
debug.ts:92 The asset a24126c4-eebd-4364-9b3d-0a1670a9c2c2@f9941 is missing!
error @ debug.ts:92
debug.ts:92 The asset 41202ca6-6e36-4753-ae35-77ff8ada79ef@f9941 is missing!
error @ debug.ts:92
debug.ts:92 The asset aa951c10-0b13-4151-8070-a4bd86afddc8@f9941 is missing!
error @ debug.ts:92
main.js:4 query missing asset aa951c10-0b13-4151-8070-a4bd86afddc8@f9941 failed
main.js:5 The asset aa951c10-0b13-4151-8070-a4bd86afddc8@f9941 used by show_share{cc.Prefab(65bc81b8-15bd-476a-9f7b-06bf02427781)} is missing! 
Node path: show_share/share_btn
PropName: _spriteFrame
（匿名） @ main.js:5
main.js:4 query missing asset 85930d76-0ea4-4737-828c-93a2d7f9382e@f9941 failed
main.js:5 The asset 85930d76-0ea4-4737-828c-93a2d7f9382e@f9941 used by show_share{cc.Prefab(65bc81b8-15bd-476a-9f7b-06bf02427781)} is missing! 
Node path: show_share/sl_content
PropName: _spriteFrame
（匿名） @ main.js:5
main.js:4 query missing asset c961ae58-23bc-46fb-afeb-e0ed8d73c719@f9941 failed
main.js:5 The asset c961ae58-23bc-46fb-afeb-e0ed8d73c719@f9941 used by show_share{cc.Prefab(65bc81b8-15bd-476a-9f7b-06bf02427781)} is missing! 
Node path: show_share/back_home_btn
PropName: _spriteFrame
（匿名） @ main.js:5
main.js:4 query missing asset 3d4bf930-98f4-4002-88da-6d5d645c2883@f9941 failed
main.js:5 The asset 3d4bf930-98f4-4002-88da-6d5d645c2883@f9941 used by show_share{cc.Prefab(65bc81b8-15bd-476a-9f7b-06bf02427781)} is missing! 
Node path: show_share/New Sprite
PropName: _spriteFrame
（匿名） @ main.js:5
main.js:4 query missing asset 41202ca6-6e36-4753-ae35-77ff8ada79ef@f9941 failed
main.js:5 The asset 41202ca6-6e36-4753-ae35-77ff8ada79ef@f9941 used by show_share{cc.Prefab(65bc81b8-15bd-476a-9f7b-06bf02427781)} is missing! 
Node path: show_share/reset_editing_btn
PropName: _spriteFrame
（匿名） @ main.js:5
main.js:4 query missing asset 0d9f97bc-d8f8-4a6b-a025-faf3635b9c3b@f9941 failed
main.js:5 The asset 0d9f97bc-d8f8-4a6b-a025-faf3635b9c3b@f9941 used by show_share{cc.Prefab(65bc81b8-15bd-476a-9f7b-06bf02427781)} is missing! 
Node path: show_share/New Sprite
PropName: _spriteFrame
（匿名） @ main.js:5
main.js:4 query missing asset 41202ca6-6e36-4753-ae35-77ff8ada79ef@f9941 failed
main.js:5 The asset 41202ca6-6e36-4753-ae35-77ff8ada79ef@f9941 used by win_single{cc.Prefab(d76dbe6a-2c99-4310-9035-5dd7ebaedced)} is missing! 
Node path: win_single/sShareBtn
PropName: _spriteFrame
（匿名） @ main.js:5
main.js:4 query missing asset e513f943-660b-4de9-9231-b354055cb375@f9941 failed
main.js:5 The asset e513f943-660b-4de9-9231-b354055cb375@f9941 used by win_single{cc.Prefab(d76dbe6a-2c99-4310-9035-5dd7ebaedced)} is missing! 
Node path: win_single/win_whisper_image
PropName: _spriteFrame
（匿名） @ main.js:5
main.js:4 query missing asset a24126c4-eebd-4364-9b3d-0a1670a9c2c2@f9941 failed
main.js:5 The asset a24126c4-eebd-4364-9b3d-0a1670a9c2c2@f9941 used by win_single{cc.Prefab(d76dbe6a-2c99-4310-9035-5dd7ebaedced)} is missing! 
Node path: win_single/sShareBtn/New Sprite
PropName: _spriteFrame
（匿名） @ main.js:5
main.js:4 query missing asset aa951c10-0b13-4151-8070-a4bd86afddc8@f9941 failed
main.js:5 The asset aa951c10-0b13-4151-8070-a4bd86afddc8@f9941 used by win_single{cc.Prefab(d76dbe6a-2c99-4310-9035-5dd7ebaedced)} is missing! 
Node path: win_single/sSaveBtn
PropName: _spriteFrame
（匿名） @ main.js:5
debug.ts:92 The asset 34b93801-63ca-447f-8810-d6b33e072fb6 is missing!
error @ debug.ts:92
debug.ts:92 The asset aa951c10-0b13-4151-8070-a4bd86afddc8@f9941 is missing!
error @ debug.ts:92
debug.ts:92 The asset aa951c10-0b13-4151-8070-a4bd86afddc8@f9941 is missing!
error @ debug.ts:92
debug.ts:92 The asset c961ae58-23bc-46fb-afeb-e0ed8d73c719@f9941 is missing!
error @ debug.ts:92
debug.ts:92 The asset c961ae58-23bc-46fb-afeb-e0ed8d73c719@f9941 is missing!
error @ debug.ts:92
debug.ts:92 The asset 07b53220-3763-443d-9da9-7960a3c34c8c@f9941 is missing!
error @ debug.ts:92
debug.ts:92 The asset 85930d76-0ea4-4737-828c-93a2d7f9382e@f9941 is missing!
error @ debug.ts:92
debug.ts:92 The asset 41202ca6-6e36-4753-ae35-77ff8ada79ef@f9941 is missing!
error @ debug.ts:92
debug.ts:92 The asset 41202ca6-6e36-4753-ae35-77ff8ada79ef@f9941 is missing!
error @ debug.ts:92
debug.ts:92 The asset 3d4bf930-98f4-4002-88da-6d5d645c2883@f9941 is missing!
error @ debug.ts:92
debug.ts:92 The asset 0d9f97bc-d8f8-4a6b-a025-faf3635b9c3b@f9941 is missing!
error @ debug.ts:92
debug.ts:92 The asset aa951c10-0b13-4151-8070-a4bd86afddc8@f9941 is missing!
error @ debug.ts:92
debug.ts:92 The asset 07b53220-3763-443d-9da9-7960a3c34c8c@f9941 is missing!
error @ debug.ts:92
debug.ts:92 The asset 85930d76-0ea4-4737-828c-93a2d7f9382e@f9941 is missing!
error @ debug.ts:92
debug.ts:92 The asset 3583deb6-f834-4019-9331-68371f57ca17@f9941 is missing!
error @ debug.ts:92
debug.ts:92 The asset 53bcc257-0335-49f2-9a69-abc6b6ef5697@f9941 is missing!
error @ debug.ts:92
main.js:4 query missing asset 34b93801-63ca-447f-8810-d6b33e072fb6 failed
main.js:5 The asset 34b93801-63ca-447f-8810-d6b33e072fb6 used by game{cc.SceneAsset(e637d355-c245-4168-a0b1-7ea747f8743b)} is missing! 
PropName: asset
（匿名） @ main.js:5
main.js:4 query missing asset aa951c10-0b13-4151-8070-a4bd86afddc8@f9941 failed
main.js:5 The asset aa951c10-0b13-4151-8070-a4bd86afddc8@f9941 used by game{cc.SceneAsset(e637d355-c245-4168-a0b1-7ea747f8743b)} is missing! 
Node path: Canvas/homepage/show_share/share_btn
PropName: _spriteFrame
（匿名） @ main.js:5
main.js:4 query missing asset c961ae58-23bc-46fb-afeb-e0ed8d73c719@f9941 failed
main.js:5 The asset c961ae58-23bc-46fb-afeb-e0ed8d73c719@f9941 used by game{cc.SceneAsset(e637d355-c245-4168-a0b1-7ea747f8743b)} is missing! 
Node path: Canvas/homepage/show_share/back_home_btn
PropName: _spriteFrame
（匿名） @ main.js:5
main.js:4 query missing asset 07b53220-3763-443d-9da9-7960a3c34c8c@f9941 failed
main.js:5 The asset 07b53220-3763-443d-9da9-7960a3c34c8c@f9941 used by game{cc.SceneAsset(e637d355-c245-4168-a0b1-7ea747f8743b)} is missing! 
Node path: Canvas/homepage/show_share/sl_content/New Sprite
PropName: _spriteFrame
（匿名） @ main.js:5
star_control.ts:28 --------init--------------------
main.js:4 query missing asset 85930d76-0ea4-4737-828c-93a2d7f9382e@f9941 failed
main.js:5 The asset 85930d76-0ea4-4737-828c-93a2d7f9382e@f9941 used by game{cc.SceneAsset(e637d355-c245-4168-a0b1-7ea747f8743b)} is missing! 
Node path: Canvas/homepage/show_share/sl_content
PropName: _spriteFrame
（匿名） @ main.js:5
main.js:4 query missing asset 41202ca6-6e36-4753-ae35-77ff8ada79ef@f9941 failed
main.js:5 The asset 41202ca6-6e36-4753-ae35-77ff8ada79ef@f9941 used by game{cc.SceneAsset(e637d355-c245-4168-a0b1-7ea747f8743b)} is missing! 
Node path: Canvas/homepage/show_share/reset_editing_btn
PropName: _spriteFrame
（匿名） @ main.js:5
main.js:4 query missing asset 3d4bf930-98f4-4002-88da-6d5d645c2883@f9941 failed
main.js:5 The asset 3d4bf930-98f4-4002-88da-6d5d645c2883@f9941 used by game{cc.SceneAsset(e637d355-c245-4168-a0b1-7ea747f8743b)} is missing! 
Node path: Canvas/homepage/show_share/New Sprite
PropName: _spriteFrame
（匿名） @ main.js:5
main.js:4 query missing asset 0d9f97bc-d8f8-4a6b-a025-faf3635b9c3b@f9941 failed
main.js:5 The asset 0d9f97bc-d8f8-4a6b-a025-faf3635b9c3b@f9941 used by game{cc.SceneAsset(e637d355-c245-4168-a0b1-7ea747f8743b)} is missing! 
Node path: Canvas/homepage/show_share/New Sprite
PropName: _spriteFrame
（匿名） @ main.js:5
main.js:4 query missing asset 3583deb6-f834-4019-9331-68371f57ca17@f9941 failed
main.js:5 The asset 3583deb6-f834-4019-9331-68371f57ca17@f9941 used by game{cc.SceneAsset(e637d355-c245-4168-a0b1-7ea747f8743b)} is missing! 
Node path: Canvas/game_single_mode/sl_bg/New Sprite
PropName: _spriteFrame
（匿名） @ main.js:5
main.js:4 query missing asset 53bcc257-0335-49f2-9a69-abc6b6ef5697@f9941 failed
main.js:5 The asset 53bcc257-0335-49f2-9a69-abc6b6ef5697@f9941 used by game{cc.SceneAsset(e637d355-c245-4168-a0b1-7ea747f8743b)} is missing! 
Node path: Canvas/game_single_mode/sl_bg/New Sprite
PropName: _spriteFrame
（匿名） @ main.js:5
main.js:4 query missing asset aa951c10-0b13-4151-8070-a4bd86afddc8@f9941 failed
main.js:5 The asset aa951c10-0b13-4151-8070-a4bd86afddc8@f9941 used by game{cc.SceneAsset(e637d355-c245-4168-a0b1-7ea747f8743b)} is missing! 
Node path: Canvas/homepage/show_share/share_btn
PropName: _normalSprite
（匿名） @ main.js:5
main.js:4 query missing asset c961ae58-23bc-46fb-afeb-e0ed8d73c719@f9941 failed
main.js:5 The asset c961ae58-23bc-46fb-afeb-e0ed8d73c719@f9941 used by game{cc.SceneAsset(e637d355-c245-4168-a0b1-7ea747f8743b)} is missing! 
Node path: Canvas/homepage/show_share/back_home_btn
PropName: _normalSprite
（匿名） @ main.js:5
main.js:4 query missing asset 07b53220-3763-443d-9da9-7960a3c34c8c@f9941 failed
main.js:5 The asset 07b53220-3763-443d-9da9-7960a3c34c8c@f9941 used by game{cc.SceneAsset(e637d355-c245-4168-a0b1-7ea747f8743b)} is missing! 
Node path: Canvas/game_single_mode/sl_bg/sl_content/New Sprite
PropName: _spriteFrame
（匿名） @ main.js:5
main.js:4 query missing asset 85930d76-0ea4-4737-828c-93a2d7f9382e@f9941 failed
main.js:5 The asset 85930d76-0ea4-4737-828c-93a2d7f9382e@f9941 used by game{cc.SceneAsset(e637d355-c245-4168-a0b1-7ea747f8743b)} is missing! 
Node path: Canvas/game_single_mode/sl_bg/sl_content
PropName: _spriteFrame
（匿名） @ main.js:5
main.js:4 query missing asset 41202ca6-6e36-4753-ae35-77ff8ada79ef@f9941 failed
main.js:5 The asset 41202ca6-6e36-4753-ae35-77ff8ada79ef@f9941 used by game{cc.SceneAsset(e637d355-c245-4168-a0b1-7ea747f8743b)} is missing! 
Node path: Canvas/homepage/show_share/reset_editing_btn
PropName: _normalSprite
（匿名） @ main.js:5
main.js:4 query missing asset aa951c10-0b13-4151-8070-a4bd86afddc8@f9941 failed
main.js:5 The asset aa951c10-0b13-4151-8070-a4bd86afddc8@f9941 used by game{cc.SceneAsset(e637d355-c245-4168-a0b1-7ea747f8743b)} is missing! 
Node path: Canvas/game_single_mode/game_mask/mask_btn
PropName: _normalSprite
（匿名） @ main.js:5
grid.ts:60 mq in setqueue...6,7,8,0,8,4,8,7,8,7,3,8,6,5,8,0,0,8,7,6,7,0,0,5,8,1,2,7,3,0,6,8,5,0,8,7,0,7,0,6,0,7,1,8,0,8,7,7,6,2,0,7,3,7,8,8,8,0,8,7,8,0,8,8,5,4,5,3,7,7,0,0,7,8,7,4,0,5,4,7,8,0,6,8,5,1,8,0,7,8,7,0,8,7,0,8,2,7,4,8,7,3,4,8,8,0,0,4,3,4,5,7,8,7,1,0,8,0,2,0,7,0,7,7,1,2,8,7,1,8,1,7,1,4,8,7,5,6,4,6,2,8,7,7,8,7,0,7,6,7,8,2,8,5,8,0,4,1,2,0,2,7,1,5,7,7,2,0,8,7,7,8,1,0,7,7,0,2,8,7,6,7,3,7,7,4,7,0,2,8,7,0,8,0,5,7,8,7,3,7,1,8,0,8,7,8,7,8,0,6,4,0,8,1,5,7,3,8,4,0,8,1,4,0,8,8,5,8,0,8,8,0,7,0,0,7,4,3,2,1,2,0,4,8,0,7,0,7,8,8,7,0,8,2,7,8,0,7,5,2,0,7,7,7,3,0,5,8,0,0,4,5,7,8,7,7,8,2,0,8,2,6,8,6,7,8,8,8,4,5,1,8,7,8,8,0,3,7,4,7,7,1,8,8,3,0,8,5,8,1,0,2,8,8,7,4,2,7,7,4,7,8,0,8,7,7,3,4,3,7,1,0,0,8,0,6,0,5,0,8,7,4,6,2,4,5,4,0,5,7,6,7,8,7,8,3,7,0,8,8,7,8,1,8,6,7,6,0,0,8,2,6,3,2,0,6,8,7,2,1,4,7,3,6,8,8,0,1,7,8,7,8,7,8,7,2,5,0,5,2,0,8,7,2,8,0,6,0,6,3,7,1,0,0,7,8,7,4,7,0,8,7,0,3,5,7,7,1,7,2,1,3,7,1,0,0,3,8,8,5,8,2,0,8,1,8,7,0,7,8,8,3,8,8,8,7,7,4,0,7,5,8,6,4,0,6,0,8,7,7,0,7,7,5,7,8,3,7,8,8,2,0,8,1,7,2,4,8,4,8,1,0,5,8,1,7,0,1,7,8
engine.ts:30 TIMER next-block 24
engine.ts:30 TIMER clear-row 9
engine.ts:30 TIMER game-over 4
engine.ts:30 TIMER fall 1
engine.ts:30 TIMER combo 24
engine.ts:30 TIMER attack 24
grid.ts:60 mq in setqueue...6,7,8,0,8,4,8,7,8,7,3,8,6,5,8,0,0,8,7,6,7,0,0,5,8,1,2,7,3,0,6,8,5,0,8,7,0,7,0,6,0,7,1,8,0,8,7,7,6,2,0,7,3,7,8,8,8,0,8,7,8,0,8,8,5,4,5,3,7,7,0,0,7,8,7,4,0,5,4,7,8,0,6,8,5,1,8,0,7,8,7,0,8,7,0,8,2,7,4,8,7,3,4,8,8,0,0,4,3,4,5,7,8,7,1,0,8,0,2,0,7,0,7,7,1,2,8,7,1,8,1,7,1,4,8,7,5,6,4,6,2,8,7,7,8,7,0,7,6,7,8,2,8,5,8,0,4,1,2,0,2,7,1,5,7,7,2,0,8,7,7,8,1,0,7,7,0,2,8,7,6,7,3,7,7,4,7,0,2,8,7,0,8,0,5,7,8,7,3,7,1,8,0,8,7,8,7,8,0,6,4,0,8,1,5,7,3,8,4,0,8,1,4,0,8,8,5,8,0,8,8,0,7,0,0,7,4,3,2,1,2,0,4,8,0,7,0,7,8,8,7,0,8,2,7,8,0,7,5,2,0,7,7,7,3,0,5,8,0,0,4,5,7,8,7,7,8,2,0,8,2,6,8,6,7,8,8,8,4,5,1,8,7,8,8,0,3,7,4,7,7,1,8,8,3,0,8,5,8,1,0,2,8,8,7,4,2,7,7,4,7,8,0,8,7,7,3,4,3,7,1,0,0,8,0,6,0,5,0,8,7,4,6,2,4,5,4,0,5,7,6,7,8,7,8,3,7,0,8,8,7,8,1,8,6,7,6,0,0,8,2,6,3,2,0,6,8,7,2,1,4,7,3,6,8,8,0,1,7,8,7,8,7,8,7,2,5,0,5,2,0,8,7,2,8,0,6,0,6,3,7,1,0,0,7,8,7,4,7,0,8,7,0,3,5,7,7,1,7,2,1,3,7,1,0,0,3,8,8,5,8,2,0,8,1,8,7,0,7,8,8,3,8,8,8,7,7,4,0,7,5,8,6,4,0,6,0,8,7,7,0,7,7,5,7,8,3,7,8,8,2,0,8,1,7,2,4,8,4,8,1,0,5,8,1,7,0,1,7,8
engine.ts:30 TIMER next-block 24
engine.ts:30 TIMER clear-row 9
engine.ts:30 TIMER game-over 4
engine.ts:30 TIMER fall 1
engine.ts:30 TIMER combo 24
engine.ts:30 TIMER attack 24
game.ts:624 fengbing  -----------  update pk star ---------  1
game.ts:629 fengbing  update pkstar_level:  0   this.model.pkstar_level_get: 1
homePage.ts:131 homepage showMe
ui_manager.ts:64 -----withaction 类型:----boolean
homePage.ts:356 playLogoAnimationRandom
ELSProfile.ts:34 Profile load start
ELSProfile.ts:44 0 'number'
ELSProfile.ts:48 Profile load end
homePage.ts:362 LogoAnimationEnd params = finished,22170.821463862016
star_control.ts:33 load prefab sucess ++++++++++++++++ 
star_control.ts:52 fengbing  *-*-*- create stars *-*-*- 1  getnum  1
star.ts:30 star init start 0 1
star.ts:51 star int end
star_control.ts:69 fengbing  *-*-*- create stars *-*-*- end
grid.ts:60 mq in setqueue...7,1,8,7,4,7,8,8,1,4,0,2,0,4,5,8,8,0,7,8,7,7,0,1,3,8,0,8,7,5,8,3,4,7,6,8,8,0,3,1,7,0,2,8,7,6,4,7,1,3,8,0,7,0,0,8,3,7,6,8,6,7,8,0,7,8,6,7,3,8,0,7,7,0,5,0,8,3,8,0,2,1,2,6,5,2,7,3,7,8,5,8,0,5,7,8,7,8,0,8,5,1,0,7,8,2,7,0,7,5,0,8,7,5,7,8,1,8,6,2,3,0,8,0,1,7,7,0,0,8,0,3,2,0,2,0,2,0,7,5,7,3,0,1,5,6,1,0,5,6,3,8,7,7,4,0,7,0,7,5,8,5,6,1,3,7,0,7,3,8,7,5,4,0,8,5,7,1,8,4,1,0,7,6,8,4,5,0,7,7,7,8,7,1,8,3,2,0,3,0,5,4,8,7,3,0,7,0,7,2,0,7,3,4,1,8,0,7,2,7,7,4,5,8,2,7,7,4,5,7,1,0,8,1,8,2,8,7,1,0,7,8,4,0,3,0,7,0,3,0,7,0,5,8,5,4,5,0,7,3,4,8,3,1,4,7,2,8,0,8,0,8,0,4,8,5,2,7,8,0,6,8,7,8,0,5,3,7,7,8,0,3,0,7,0,8,7,4,3,0,7,7,0,0,8,0,7,3,7,8,6,3,0,4,1,2,8,5,0,3,7,0,2,0,0,3,8,0,7,8,7,1,0,6,5,8,8,7,8,2,8,2,3,5,4,7,3,0,5,8,4,3,2,6,2,4,1,5,8,7,8,0,2,8,3,7,8,1,0,8,0,7,4,0,8,1,8,1,0,7,8,6,4,7,5,3,2,0,0,7,8,0,0,7,8,7,8,1,0,8,0,0,0,7,3,0,0,8,0,8,1,7,0,6,1,7,0,1,2,7,6,7,0,8,7,1,3,0,1,7,6,2,6,7,0,0,1,8,3,7,0,7,2,8,7,5,6,7,7,7,3,7,7,1,5,1,2,8,8,5,8,4,6,5,6,8,7,5,3,0,8,7,0,7,0,0,5,8,0,4,7,1,8,4,0,2,5,8,5,8,0,8,0,7,0,5,8,2,8,7
engine.ts:30 TIMER next-block 24
engine.ts:30 TIMER clear-row 9
engine.ts:30 TIMER game-over 4
engine.ts:30 TIMER fall 1
engine.ts:30 TIMER combo 24
engine.ts:30 TIMER attack 24
grid.ts:60 mq in setqueue...7,1,8,7,4,7,8,8,1,4,0,2,0,4,5,8,8,0,7,8,7,7,0,1,3,8,0,8,7,5,8,3,4,7,6,8,8,0,3,1,7,0,2,8,7,6,4,7,1,3,8,0,7,0,0,8,3,7,6,8,6,7,8,0,7,8,6,7,3,8,0,7,7,0,5,0,8,3,8,0,2,1,2,6,5,2,7,3,7,8,5,8,0,5,7,8,7,8,0,8,5,1,0,7,8,2,7,0,7,5,0,8,7,5,7,8,1,8,6,2,3,0,8,0,1,7,7,0,0,8,0,3,2,0,2,0,2,0,7,5,7,3,0,1,5,6,1,0,5,6,3,8,7,7,4,0,7,0,7,5,8,5,6,1,3,7,0,7,3,8,7,5,4,0,8,5,7,1,8,4,1,0,7,6,8,4,5,0,7,7,7,8,7,1,8,3,2,0,3,0,5,4,8,7,3,0,7,0,7,2,0,7,3,4,1,8,0,7,2,7,7,4,5,8,2,7,7,4,5,7,1,0,8,1,8,2,8,7,1,0,7,8,4,0,3,0,7,0,3,0,7,0,5,8,5,4,5,0,7,3,4,8,3,1,4,7,2,8,0,8,0,8,0,4,8,5,2,7,8,0,6,8,7,8,0,5,3,7,7,8,0,3,0,7,0,8,7,4,3,0,7,7,0,0,8,0,7,3,7,8,6,3,0,4,1,2,8,5,0,3,7,0,2,0,0,3,8,0,7,8,7,1,0,6,5,8,8,7,8,2,8,2,3,5,4,7,3,0,5,8,4,3,2,6,2,4,1,5,8,7,8,0,2,8,3,7,8,1,0,8,0,7,4,0,8,1,8,1,0,7,8,6,4,7,5,3,2,0,0,7,8,0,0,7,8,7,8,1,0,8,0,0,0,7,3,0,0,8,0,8,1,7,0,6,1,7,0,1,2,7,6,7,0,8,7,1,3,0,1,7,6,2,6,7,0,0,1,8,3,7,0,7,2,8,7,5,6,7,7,7,3,7,7,1,5,1,2,8,8,5,8,4,6,5,6,8,7,5,3,0,8,7,0,7,0,0,5,8,0,4,7,1,8,4,0,2,5,8,5,8,0,8,0,7,0,5,8,2,8,7
engine.ts:30 TIMER next-block 24
engine.ts:30 TIMER clear-row 9
engine.ts:30 TIMER game-over 4
engine.ts:30 TIMER fall 1
engine.ts:30 TIMER combo 24
engine.ts:30 TIMER attack 24
ui_manager.ts:64 -----withaction 类型:----undefined
homePage.ts:362 LogoAnimationEnd params = finished,28608.247639210935
grid.ts:77 OVER0
homePage.ts:362 LogoAnimationEnd params = finished,14591.42600482634
 LogoAnimationEnd params = finished,16460.5634375647
